\BOOKMARK [0][-]{Doc-Start}{Abstract}{}% 1
\BOOKMARK [0][-]{chapter.1}{Introduction}{}% 2
\BOOKMARK [1][-]{section.1.1}{Anomaly Detection}{chapter.1}% 3
\BOOKMARK [1][-]{section.1.2}{Computer Network Security Aspects}{chapter.1}% 4
\BOOKMARK [1][-]{section.1.3}{Related Work}{chapter.1}% 5
\BOOKMARK [1][-]{section.1.4}{Our Contribution}{chapter.1}% 6
\BOOKMARK [1][-]{section.1.5}{Organization}{chapter.1}% 7
\BOOKMARK [0][-]{chapter.2}{Anomaly Detection}{}% 8
\BOOKMARK [1][-]{section.2.1}{Input Data}{chapter.2}% 9
\BOOKMARK [2][-]{subsection.2.1.1}{Relationship Among Data Instances}{section.2.1}% 10
\BOOKMARK [2][-]{subsection.2.1.2}{Data Labels}{section.2.1}% 11
\BOOKMARK [1][-]{section.2.2}{Anomalies}{chapter.2}% 12
\BOOKMARK [2][-]{subsection.2.2.1}{Point anomalies.}{section.2.2}% 13
\BOOKMARK [2][-]{subsection.2.2.2}{Contextual anomalies.}{section.2.2}% 14
\BOOKMARK [2][-]{subsection.2.2.3}{Collective anomalies.}{section.2.2}% 15
\BOOKMARK [1][-]{section.2.3}{Techniques}{chapter.2}% 16
\BOOKMARK [1][-]{section.2.4}{Application domain}{chapter.2}% 17
\BOOKMARK [0][-]{chapter.3}{Computer Network Security Aspects}{}% 18
\BOOKMARK [1][-]{section.3.1}{Techniques}{chapter.3}% 19
\BOOKMARK [1][-]{section.3.2}{Input Data}{chapter.3}% 20
\BOOKMARK [1][-]{section.3.3}{Problem Sets}{chapter.3}% 21
\BOOKMARK [0][-]{chapter.4}{Proposed Method}{}% 22
\BOOKMARK [1][-]{section.4.1}{Data Collection}{chapter.4}% 23
\BOOKMARK [2][-]{subsection.4.1.1}{Training Dataset}{section.4.1}% 24
\BOOKMARK [2][-]{subsection.4.1.2}{Evaluation DatasetEvaluation dataset is used during assesment of the method on real data. As we have some old packet trace data, we want to somehow compare it with training samples. My idea is to prove that exctracted features are epoch invariant by means statistical goodnes-of-fit test. On the other hand older protocols can behave in diferent way and thus the normal models derived from current data would be underestimated during assesment proces. }{section.4.1}% 25
\BOOKMARK [1][-]{section.4.2}{Feature Creation and Pattern Definition}{chapter.4}% 26
\BOOKMARK [1][-]{section.4.3}{Pattern Recognition}{chapter.4}% 27
\BOOKMARK [1][-]{section.4.4}{Assessment and Interpretation of Results}{chapter.4}% 28
\BOOKMARK [0][-]{chapter.5}{Experiments}{}% 29
\BOOKMARK [0][-]{chapter.6}{Conclusion}{}% 30
\BOOKMARK [0][-]{chapter*.27}{Bibliography}{}% 31
\BOOKMARK [0][-]{appendix*.28}{Appendix}{}% 32
